MIF/HEX Update report for part5
Sun May  7 07:46:03 2023
Quartus Prime Version 22.1std.0 Build 915 10/25/2022 SC Lite Edition


---------------------
; Table of Contents ;
---------------------
  1. Legal Notice
  2. MIF/HEX Update Summary
  3. MIF/HEX Update Processed Files
  4. MIF/HEX Update Messages



----------------
; Legal Notice ;
----------------
Copyright (C) 2022  Intel Corporation. All rights reserved.
Your use of Intel Corporation's design tools, logic functions 
and other software and tools, and any partner logic 
functions, and any output files from any of the foregoing 
(including device programming or simulation files), and any 
associated documentation or information are expressly subject 
to the terms and conditions of the Intel Program License 
Subscription Agreement, the Intel Quartus Prime License Agreement,
the Intel FPGA IP License Agreement, or other applicable license
agreement, including, without limitation, that your use is for
the sole purpose of programming logic devices manufactured by
Intel and sold by Intel or its authorized distributors.  Please
refer to the applicable agreement for further details, at
https://fpgasoftware.intel.com/eula.



+---------------------------------------------------------------+
; MIF/HEX Update Summary                                        ;
+-----------------------+---------------------------------------+
; MIF/HEX Update Status ; Successful - Sun May  7 07:46:02 2023 ;
; Revision Name         ; part5                                 ;
; Top-level Entity Name ; part5                                 ;
; Family                ; MAX 10                                ;
; Device                ; 10M50DAF484C7G                        ;
+-----------------------+---------------------------------------+


+----------------------------------------------------------------------+
; MIF/HEX Update Processed Files                                       ;
+----------------------------------------------------------------------+
; File Name                                                            ;
+----------------------------------------------------------------------+
; C:/Users/user/Desktop/amina/lab10/DE1-SoC/part5.Verilog/inst_mem.mif ;
+----------------------------------------------------------------------+


+-------------------------+
; MIF/HEX Update Messages ;
+-------------------------+
Info: *******************************************************************
Info: Running Quartus Prime MIF/HEX Update
    Info: Version 22.1std.0 Build 915 10/25/2022 SC Lite Edition
    Info: Processing started: Sun May  7 07:45:54 2023
Info: Command: quartus_cdb part5 -c part5 --update_mif
Warning (18236): Number of processors has not been specified which may cause overloading on shared machines.  Set the global assignment NUM_PARALLEL_PROCESSORS in your QSF to an appropriate value for best performance.
Warning (113028): 237 out of 256 addresses are uninitialized. The Quartus Prime software will initialize them to "0". There are 1 warnings found, and 1 warnings are reported. File: C:/Users/user/Desktop/amina/lab10/DE1-SoC/part5.Verilog/inst_mem.mif Line: 1
    Warning (113027): Addresses ranging from 19 to 255 are not initialized File: C:/Users/user/Desktop/amina/lab10/DE1-SoC/part5.Verilog/inst_mem.mif Line: 1
Info (39024): Processed the following Memory Initialization File(s)
    Info (39025): Processed Memory Initialization File C:/Users/user/Desktop/amina/lab10/DE1-SoC/part5.Verilog/inst_mem.mif File: C:/Users/user/Desktop/amina/lab10/DE1-SoC/part5.Verilog/inst_mem.mif Line: 0
Info: Quartus Prime MIF/HEX Update was successful. 0 errors, 3 warnings
    Info: Peak virtual memory: 4731 megabytes
    Info: Processing ended: Sun May  7 07:46:03 2023
    Info: Elapsed time: 00:00:09
    Info: Total CPU time (on all processors): 00:00:02


